# JRE version: OpenJDK Runtime Environment (23.0.1+11) (build 23.0.1+11-39)
# Java VM: OpenJDK 64-Bit Server VM (23.0.1+11-39, mixed mode, emulated-client, sharing, tiered, compressed oops, compressed class ptrs, g1 gc, windows-amd64)
GC Precious Log:
 CardTable entry size: 512
 Card Set container configuration: InlinePtr #cards 4 size 8 Array Of Cards #cards 64 size 144 Howl #buckets 8 coarsen threshold 14745 Howl Bitmap #cards 2048 size 272 coarsen threshold 1843 Card regions per heap region 1 cards per card region 16384
 CPUs: 12 total, 12 available
 Memory: 40750M
 Large Page Support: Disabled
 NUMA Support: Disabled
 Compressed Oops: Enabled (Zero based)
 Heap Region Size: 8M
 Heap Min Capacity: 8M
 Heap Initial Capacity: 640M
 Heap Max Capacity: 10192M
 Pre-touch: Disabled
 Parallel Workers: 10
 Concurrent Workers: 3
 Concurrent Refinement Workers: 10
 Periodic GC: Disabled
Heap:
 garbage-first heap   total reserved 10436608K, committed 139264K, used 80979K [0x0000000583000000, 0x0000000800000000)
  region size 8192K, 6 young (49152K), 1 survivors (8192K)
 Metaspace       used 100866K, committed 101824K, reserved 1179648K
  class space    used 14545K, committed 14912K, reserved 1048576K
GC Heap History (20 events):
Event: 16.058 GC heap after
{Heap after GC invocations=15 (full 0):
 garbage-first heap   total reserved 10436608K, committed 139264K, used 41858K [0x0000000583000000, 0x0000000800000000)
  region size 8192K, 2 young (16384K), 2 survivors (16384K)
 Metaspace       used 84714K, committed 85504K, reserved 1179648K
  class space    used 12479K, committed 12800K, reserved 1048576K
}
Event: 17.301 GC heap before
{Heap before GC invocations=15 (full 0):
 garbage-first heap   total reserved 10436608K, committed 139264K, used 99202K [0x0000000583000000, 0x0000000800000000)
  region size 8192K, 10 young (81920K), 2 survivors (16384K)
 Metaspace       used 98590K, committed 99456K, reserved 1179648K
  class space    used 14241K, committed 14656K, reserved 1048576K
}
Event: 17.309 GC heap after
{Heap after GC invocations=16 (full 0):
 garbage-first heap   total reserved 10436608K, committed 139264K, used 46379K [0x0000000583000000, 0x0000000800000000)
  region size 8192K, 2 young (16384K), 2 survivors (16384K)
 Metaspace       used 98590K, committed 99456K, reserved 1179648K
  class space    used 14241K, committed 14656K, reserved 1048576K
}
Event: 303.644 GC heap before
{Heap before GC invocations=16 (full 0):
 garbage-first heap   total reserved 10436608K, committed 139264K, used 79147K [0x0000000583000000, 0x0000000800000000)
  region size 8192K, 7 young (57344K), 2 survivors (16384K)
 Metaspace       used 100865K, committed 101696K, reserved 1179648K
  class space    used 14543K, committed 14912K, reserved 1048576K
}
Event: 303.650 GC heap after
{Heap after GC invocations=17 (full 0):
 garbage-first heap   total reserved 10436608K, committed 139264K, used 47028K [0x0000000583000000, 0x0000000800000000)
  region size 8192K, 1 young (8192K), 1 survivors (8192K)
 Metaspace       used 100865K, committed 101696K, reserved 1179648K
  class space    used 14543K, committed 14912K, reserved 1048576K
}
Event: 1432.148 GC heap before
{Heap before GC invocations=18 (full 0):
 garbage-first heap   total reserved 10436608K, committed 139264K, used 112564K [0x0000000583000000, 0x0000000800000000)
  region size 8192K, 9 young (73728K), 1 survivors (8192K)
 Metaspace       used 100562K, committed 101760K, reserved 1179648K
  class space    used 14460K, committed 14912K, reserved 1048576K
}
Event: 1432.152 GC heap after
{Heap after GC invocations=19 (full 0):
 garbage-first heap   total reserved 10436608K, committed 139264K, used 47118K [0x0000000583000000, 0x0000000800000000)
  region size 8192K, 1 young (8192K), 1 survivors (8192K)
 Metaspace       used 100562K, committed 101760K, reserved 1179648K
  class space    used 14460K, committed 14912K, reserved 1048576K
}
Event: 2569.660 GC heap before
{Heap before GC invocations=19 (full 0):
 garbage-first heap   total reserved 10436608K, committed 139264K, used 112654K [0x0000000583000000, 0x0000000800000000)
  region size 8192K, 9 young (73728K), 1 survivors (8192K)
 Metaspace       used 100565K, committed 101760K, reserved 1179648K
  class space    used 14462K, committed 14912K, reserved 1048576K
}
Event: 2569.667 GC heap after
{Heap after GC invocations=20 (full 0):
 garbage-first heap   total reserved 10436608K, committed 139264K, used 45558K [0x0000000583000000, 0x0000000800000000)
  region size 8192K, 1 young (8192K), 1 survivors (8192K)
 Metaspace       used 100565K, committed 101760K, reserved 1179648K
  class space    used 14462K, committed 14912K, reserved 1048576K
}
Event: 3835.670 GC heap before
{Heap before GC invocations=20 (full 0):
 garbage-first heap   total reserved 10436608K, committed 139264K, used 119286K [0x0000000583000000, 0x0000000800000000)
  region size 8192K, 10 young (81920K), 1 survivors (8192K)
 Metaspace       used 100569K, committed 101760K, reserved 1179648K
  class space    used 14465K, committed 14912K, reserved 1048576K
}
Event: 3835.673 GC heap after
{Heap after GC invocations=21 (full 0):
 garbage-first heap   total reserved 10436608K, committed 139264K, used 45882K [0x0000000583000000, 0x0000000800000000)
  region size 8192K, 1 young (8192K), 1 survivors (8192K)
 Metaspace       used 100569K, committed 101760K, reserved 1179648K
  class space    used 14465K, committed 14912K, reserved 1048576K
}
Event: 4923.857 GC heap before
{Heap before GC invocations=21 (full 0):
 garbage-first heap   total reserved 10436608K, committed 139264K, used 111418K [0x0000000583000000, 0x0000000800000000)
  region size 8192K, 9 young (73728K), 1 survivors (8192K)
 Metaspace       used 100587K, committed 101760K, reserved 1179648K
  class space    used 14477K, committed 14912K, reserved 1048576K
}
Event: 4923.862 GC heap after
{Heap after GC invocations=22 (full 0):
 garbage-first heap   total reserved 10436608K, committed 139264K, used 46407K [0x0000000583000000, 0x0000000800000000)
  region size 8192K, 1 young (8192K), 1 survivors (8192K)
 Metaspace       used 100587K, committed 101760K, reserved 1179648K
  class space    used 14477K, committed 14912K, reserved 1048576K
}
Event: 6245.376 GC heap before
{Heap before GC invocations=22 (full 0):
 garbage-first heap   total reserved 10436608K, committed 139264K, used 120135K [0x0000000583000000, 0x0000000800000000)
  region size 8192K, 10 young (81920K), 1 survivors (8192K)
 Metaspace       used 100587K, committed 101760K, reserved 1179648K
  class space    used 14477K, committed 14912K, reserved 1048576K
}
Event: 6245.379 GC heap after
{Heap after GC invocations=23 (full 0):
 garbage-first heap   total reserved 10436608K, committed 139264K, used 46108K [0x0000000583000000, 0x0000000800000000)
  region size 8192K, 1 young (8192K), 1 survivors (8192K)
 Metaspace       used 100587K, committed 101760K, reserved 1179648K
  class space    used 14477K, committed 14912K, reserved 1048576K
}
Event: 7561.322 GC heap before
{Heap before GC invocations=23 (full 0):
 garbage-first heap   total reserved 10436608K, committed 139264K, used 119836K [0x0000000583000000, 0x0000000800000000)
  region size 8192K, 10 young (81920K), 1 survivors (8192K)
 Metaspace       used 100587K, committed 101760K, reserved 1179648K
  class space    used 14477K, committed 14912K, reserved 1048576K
}
Event: 7561.325 GC heap after
{Heap after GC invocations=24 (full 0):
 garbage-first heap   total reserved 10436608K, committed 139264K, used 46054K [0x0000000583000000, 0x0000000800000000)
  region size 8192K, 1 young (8192K), 1 survivors (8192K)
 Metaspace       used 100587K, committed 101760K, reserved 1179648K
  class space    used 14477K, committed 14912K, reserved 1048576K
}
Event: 8861.818 GC heap before
{Heap before GC invocations=24 (full 0):
 garbage-first heap   total reserved 10436608K, committed 139264K, used 119782K [0x0000000583000000, 0x0000000800000000)
  region size 8192K, 10 young (81920K), 1 survivors (8192K)
 Metaspace       used 100587K, committed 101760K, reserved 1179648K
  class space    used 14477K, committed 14912K, reserved 1048576K
}
Event: 8861.821 GC heap after
{Heap after GC invocations=25 (full 0):
 garbage-first heap   total reserved 10436608K, committed 139264K, used 45863K [0x0000000583000000, 0x0000000800000000)
  region size 8192K, 1 young (8192K), 1 survivors (8192K)
 Metaspace       used 100587K, committed 101760K, reserved 1179648K
  class space    used 14477K, committed 14912K, reserved 1048576K
}
Event: 9372.540 GC heap before
{Heap before GC invocations=25 (full 0):
 garbage-first heap   total reserved 10436608K, committed 139264K, used 78631K [0x0000000583000000, 0x0000000800000000)
  region size 8192K, 6 young (49152K), 1 survivors (8192K)
 Metaspace       used 100866K, committed 101824K, reserved 1179648K
  class space    used 14545K, committed 14912K, reserved 1048576K
}

